<?xml version="1.0" encoding="UTF-8"?>
<!-- Generated by org.testng.reporters.JUnitReportReporter -->
<testsuite hostname="DESKTOP-9E51PAK" failures="0" tests="3" name="tests.SearchTest" time="6.608" errors="0" timestamp="5 Feb 2021 07:25:05 GMT">
  <testcase classname="tests.SearchTest" name="login" time="3.384"/>
  <testcase classname="tests.SearchTest" name="Profile" time="1.490"/>
  <testcase classname="tests.SearchTest" name="Search" time="1.734"/>
</testsuite> <!-- tests.SearchTest -->
