<?xml version="1.0" encoding="UTF-8"?>
<!-- Generated by org.testng.reporters.JUnitReportReporter -->
<testsuite hostname="DESKTOP-9E51PAK" failures="0" tests="3" name="tests.AbstractTest" time="8.357" errors="0" timestamp="5 Feb 2021 03:21:19 GMT">
  <testcase classname="tests.AbstractTest" name="login" time="5.229"/>
  <testcase classname="tests.AbstractTest" name="Profile" time="1.455"/>
  <testcase classname="tests.AbstractTest" name="Search" time="1.673"/>
</testsuite> <!-- tests.AbstractTest -->
